android/app/build/intermediates/manifest_merge_blame_file/debug/manifest-merger-blame-debug-report.txt
1<?xml version="1.0" encoding="utf-8"?>
2<manifest xmlns:android="http://schemas.android.com/apk/res/android"
3    package="com.codeforany.healtho_gym"
4    android:versionCode="1"
5    android:versionName="1.0.0" >
6
7    <uses-sdk
8        android:minSdkVersion="23"
9        android:targetSdkVersion="35" />
10    <!--
11         The INTERNET permission is required for development. Specifically,
12         the Flutter tool needs it to communicate with the running application
13         to allow setting breakpoints, to provide hot reload, etc.
14    -->
15    <uses-permission android:name="android.permission.INTERNET" />
15-->src\debug\AndroidManifest.xml:6:5-66
15-->src\debug\AndroidManifest.xml:6:22-64
16    <uses-permission android:name="android.permission.ACCESS_NETWORK_STATE" />
16-->[com.google.firebase:firebase-auth:23.2.0] AndroidManifest.xml:26:5-79
16-->[com.google.firebase:firebase-auth:23.2.0] AndroidManifest.xml:26:22-76
17    <uses-permission android:name="android.permission.WAKE_LOCK" />
17-->[com.google.android.gms:play-services-measurement-api:22.3.0] AndroidManifest.xml:24:5-68
17-->[com.google.android.gms:play-services-measurement-api:22.3.0] AndroidManifest.xml:24:22-65
18    <uses-permission android:name="com.google.android.gms.permission.AD_ID" />
18-->[com.google.android.gms:play-services-measurement-api:22.3.0] AndroidManifest.xml:25:5-79
18-->[com.google.android.gms:play-services-measurement-api:22.3.0] AndroidManifest.xml:25:22-76
19    <uses-permission android:name="android.permission.ACCESS_ADSERVICES_ATTRIBUTION" />
19-->[com.google.android.gms:play-services-measurement-api:22.3.0] AndroidManifest.xml:26:5-88
19-->[com.google.android.gms:play-services-measurement-api:22.3.0] AndroidManifest.xml:26:22-85
20    <uses-permission android:name="android.permission.ACCESS_ADSERVICES_AD_ID" />
20-->[com.google.android.gms:play-services-measurement-api:22.3.0] AndroidManifest.xml:27:5-82
20-->[com.google.android.gms:play-services-measurement-api:22.3.0] AndroidManifest.xml:27:22-79
21    <uses-permission android:name="com.google.android.providers.gsf.permission.READ_GSERVICES" />
21-->[com.google.android.recaptcha:recaptcha:18.6.1] AndroidManifest.xml:9:5-98
21-->[com.google.android.recaptcha:recaptcha:18.6.1] AndroidManifest.xml:9:22-95
22    <uses-permission android:name="com.google.android.finsky.permission.BIND_GET_INSTALL_REFERRER_SERVICE" />
22-->[com.google.android.gms:play-services-measurement:22.3.0] AndroidManifest.xml:26:5-110
22-->[com.google.android.gms:play-services-measurement:22.3.0] AndroidManifest.xml:26:22-107
23
24    <permission
24-->[androidx.core:core:1.13.1] AndroidManifest.xml:22:5-24:47
25        android:name="com.codeforany.healtho_gym.DYNAMIC_RECEIVER_NOT_EXPORTED_PERMISSION"
25-->[androidx.core:core:1.13.1] AndroidManifest.xml:23:9-81
26        android:protectionLevel="signature" />
26-->[androidx.core:core:1.13.1] AndroidManifest.xml:24:9-44
27
28    <uses-permission android:name="com.codeforany.healtho_gym.DYNAMIC_RECEIVER_NOT_EXPORTED_PERMISSION" />
28-->[androidx.core:core:1.13.1] AndroidManifest.xml:26:5-97
28-->[androidx.core:core:1.13.1] AndroidManifest.xml:26:22-94
29
30    <application
31        android:name="android.app.Application"
32        android:appComponentFactory="androidx.core.app.CoreComponentFactory"
32-->[androidx.core:core:1.13.1] AndroidManifest.xml:28:18-86
33        android:debuggable="true"
34        android:extractNativeLibs="false"
35        android:icon="@mipmap/ic_launcher"
36        android:label="healtho_gym" >
37        <activity
38            android:name="com.codeforany.healtho_gym.MainActivity"
39            android:configChanges="orientation|keyboardHidden|keyboard|screenSize|smallestScreenSize|locale|layoutDirection|fontScale|screenLayout|density|uiMode"
40            android:exported="true"
41            android:hardwareAccelerated="true"
42            android:launchMode="singleTop"
43            android:theme="@style/LaunchTheme"
44            android:windowSoftInputMode="adjustResize" >
45
46            <!--
47                 Specifies an Android theme to apply to this Activity as soon as
48                 the Android process has started. This theme is visible to the user
49                 while the Flutter UI initializes. After that, this theme continues
50                 to determine the Window background behind the Flutter UI.
51            -->
52            <meta-data
53                android:name="io.flutter.embedding.android.NormalTheme"
54                android:resource="@style/NormalTheme" />
55
56            <intent-filter>
57                <action android:name="android.intent.action.MAIN" />
58
59                <category android:name="android.intent.category.LAUNCHER" />
60            </intent-filter>
61        </activity>
62        <!--
63             Don't delete the meta-data below.
64             This is used by the Flutter tool to generate GeneratedPluginRegistrant.java
65        -->
66        <meta-data
67            android:name="flutterEmbedding"
68            android:value="2" />
69
70        <service
70-->[:cloud_firestore] AndroidManifest.xml:8:9-12:19
71            android:name="com.google.firebase.components.ComponentDiscoveryService"
71-->[:cloud_firestore] AndroidManifest.xml:8:18-89
72            android:directBootAware="true"
72-->[com.google.firebase:firebase-common:21.0.0] AndroidManifest.xml:32:13-43
73            android:exported="false" >
73-->[com.google.firebase:firebase-auth:23.2.0] AndroidManifest.xml:68:13-37
74            <meta-data
74-->[:cloud_firestore] AndroidManifest.xml:9:13-11:85
75                android:name="com.google.firebase.components:io.flutter.plugins.firebase.firestore.FlutterFirebaseFirestoreRegistrar"
75-->[:cloud_firestore] AndroidManifest.xml:10:17-134
76                android:value="com.google.firebase.components.ComponentRegistrar" />
76-->[:cloud_firestore] AndroidManifest.xml:11:17-82
77            <meta-data
77-->[:firebase_auth] AndroidManifest.xml:9:13-11:85
78                android:name="com.google.firebase.components:io.flutter.plugins.firebase.auth.FlutterFirebaseAuthRegistrar"
78-->[:firebase_auth] AndroidManifest.xml:10:17-124
79                android:value="com.google.firebase.components.ComponentRegistrar" />
79-->[:firebase_auth] AndroidManifest.xml:11:17-82
80            <meta-data
80-->[:firebase_core] AndroidManifest.xml:9:13-11:85
81                android:name="com.google.firebase.components:io.flutter.plugins.firebase.core.FlutterFirebaseCoreRegistrar"
81-->[:firebase_core] AndroidManifest.xml:10:17-124
82                android:value="com.google.firebase.components.ComponentRegistrar" />
82-->[:firebase_core] AndroidManifest.xml:11:17-82
83            <meta-data
83-->[com.google.firebase:firebase-auth:23.2.0] AndroidManifest.xml:69:13-71:85
84                android:name="com.google.firebase.components:com.google.firebase.auth.FirebaseAuthRegistrar"
84-->[com.google.firebase:firebase-auth:23.2.0] AndroidManifest.xml:70:17-109
85                android:value="com.google.firebase.components.ComponentRegistrar" />
85-->[com.google.firebase:firebase-auth:23.2.0] AndroidManifest.xml:71:17-82
86            <meta-data
86-->[com.google.firebase:firebase-firestore:25.1.2] AndroidManifest.xml:17:13-19:85
87                android:name="com.google.firebase.components:com.google.firebase.firestore.FirebaseFirestoreKtxRegistrar"
87-->[com.google.firebase:firebase-firestore:25.1.2] AndroidManifest.xml:18:17-122
88                android:value="com.google.firebase.components.ComponentRegistrar" />
88-->[com.google.firebase:firebase-firestore:25.1.2] AndroidManifest.xml:19:17-82
89            <meta-data
89-->[com.google.firebase:firebase-firestore:25.1.2] AndroidManifest.xml:20:13-22:85
90                android:name="com.google.firebase.components:com.google.firebase.firestore.FirestoreRegistrar"
90-->[com.google.firebase:firebase-firestore:25.1.2] AndroidManifest.xml:21:17-111
91                android:value="com.google.firebase.components.ComponentRegistrar" />
91-->[com.google.firebase:firebase-firestore:25.1.2] AndroidManifest.xml:22:17-82
92            <meta-data
92-->[com.google.android.gms:play-services-measurement-api:22.3.0] AndroidManifest.xml:33:13-35:85
93                android:name="com.google.firebase.components:com.google.firebase.analytics.connector.internal.AnalyticsConnectorRegistrar"
93-->[com.google.android.gms:play-services-measurement-api:22.3.0] AndroidManifest.xml:34:17-139
94                android:value="com.google.firebase.components.ComponentRegistrar" />
94-->[com.google.android.gms:play-services-measurement-api:22.3.0] AndroidManifest.xml:35:17-82
95            <meta-data
95-->[com.google.firebase:firebase-installations:18.0.0] AndroidManifest.xml:15:13-17:85
96                android:name="com.google.firebase.components:com.google.firebase.installations.FirebaseInstallationsKtxRegistrar"
96-->[com.google.firebase:firebase-installations:18.0.0] AndroidManifest.xml:16:17-130
97                android:value="com.google.firebase.components.ComponentRegistrar" />
97-->[com.google.firebase:firebase-installations:18.0.0] AndroidManifest.xml:17:17-82
98            <meta-data
98-->[com.google.firebase:firebase-installations:18.0.0] AndroidManifest.xml:18:13-20:85
99                android:name="com.google.firebase.components:com.google.firebase.installations.FirebaseInstallationsRegistrar"
99-->[com.google.firebase:firebase-installations:18.0.0] AndroidManifest.xml:19:17-127
100                android:value="com.google.firebase.components.ComponentRegistrar" />
100-->[com.google.firebase:firebase-installations:18.0.0] AndroidManifest.xml:20:17-82
101            <meta-data
101-->[com.google.firebase:firebase-common-ktx:21.0.0] AndroidManifest.xml:12:13-14:85
102                android:name="com.google.firebase.components:com.google.firebase.ktx.FirebaseCommonLegacyRegistrar"
102-->[com.google.firebase:firebase-common-ktx:21.0.0] AndroidManifest.xml:13:17-116
103                android:value="com.google.firebase.components.ComponentRegistrar" />
103-->[com.google.firebase:firebase-common-ktx:21.0.0] AndroidManifest.xml:14:17-82
104            <meta-data
104-->[com.google.firebase:firebase-common:21.0.0] AndroidManifest.xml:35:13-37:85
105                android:name="com.google.firebase.components:com.google.firebase.FirebaseCommonKtxRegistrar"
105-->[com.google.firebase:firebase-common:21.0.0] AndroidManifest.xml:36:17-109
106                android:value="com.google.firebase.components.ComponentRegistrar" />
106-->[com.google.firebase:firebase-common:21.0.0] AndroidManifest.xml:37:17-82
107        </service>
108
109        <activity
109-->[com.google.firebase:firebase-auth:23.2.0] AndroidManifest.xml:29:9-46:20
110            android:name="com.google.firebase.auth.internal.GenericIdpActivity"
110-->[com.google.firebase:firebase-auth:23.2.0] AndroidManifest.xml:30:13-80
111            android:excludeFromRecents="true"
111-->[com.google.firebase:firebase-auth:23.2.0] AndroidManifest.xml:31:13-46
112            android:exported="true"
112-->[com.google.firebase:firebase-auth:23.2.0] AndroidManifest.xml:32:13-36
113            android:launchMode="singleTask"
113-->[com.google.firebase:firebase-auth:23.2.0] AndroidManifest.xml:33:13-44
114            android:theme="@android:style/Theme.Translucent.NoTitleBar" >
114-->[com.google.firebase:firebase-auth:23.2.0] AndroidManifest.xml:34:13-72
115            <intent-filter>
115-->[com.google.firebase:firebase-auth:23.2.0] AndroidManifest.xml:35:13-45:29
116                <action android:name="android.intent.action.VIEW" />
116-->[com.google.firebase:firebase-auth:23.2.0] AndroidManifest.xml:36:17-69
116-->[com.google.firebase:firebase-auth:23.2.0] AndroidManifest.xml:36:25-66
117
118                <category android:name="android.intent.category.DEFAULT" />
118-->[com.google.firebase:firebase-auth:23.2.0] AndroidManifest.xml:38:17-76
118-->[com.google.firebase:firebase-auth:23.2.0] AndroidManifest.xml:38:27-73
119                <category android:name="android.intent.category.BROWSABLE" />
119-->[com.google.firebase:firebase-auth:23.2.0] AndroidManifest.xml:39:17-78
119-->[com.google.firebase:firebase-auth:23.2.0] AndroidManifest.xml:39:27-75
120
121                <data
121-->[com.google.firebase:firebase-auth:23.2.0] AndroidManifest.xml:41:17-44:51
122                    android:host="firebase.auth"
122-->[com.google.firebase:firebase-auth:23.2.0] AndroidManifest.xml:42:21-49
123                    android:path="/"
123-->[com.google.firebase:firebase-auth:23.2.0] AndroidManifest.xml:43:21-37
124                    android:scheme="genericidp" />
124-->[com.google.firebase:firebase-auth:23.2.0] AndroidManifest.xml:44:21-48
125            </intent-filter>
126        </activity>
127        <activity
127-->[com.google.firebase:firebase-auth:23.2.0] AndroidManifest.xml:47:9-64:20
128            android:name="com.google.firebase.auth.internal.RecaptchaActivity"
128-->[com.google.firebase:firebase-auth:23.2.0] AndroidManifest.xml:48:13-79
129            android:excludeFromRecents="true"
129-->[com.google.firebase:firebase-auth:23.2.0] AndroidManifest.xml:49:13-46
130            android:exported="true"
130-->[com.google.firebase:firebase-auth:23.2.0] AndroidManifest.xml:50:13-36
131            android:launchMode="singleTask"
131-->[com.google.firebase:firebase-auth:23.2.0] AndroidManifest.xml:51:13-44
132            android:theme="@android:style/Theme.Translucent.NoTitleBar" >
132-->[com.google.firebase:firebase-auth:23.2.0] AndroidManifest.xml:52:13-72
133            <intent-filter>
133-->[com.google.firebase:firebase-auth:23.2.0] AndroidManifest.xml:53:13-63:29
134                <action android:name="android.intent.action.VIEW" />
134-->[com.google.firebase:firebase-auth:23.2.0] AndroidManifest.xml:36:17-69
134-->[com.google.firebase:firebase-auth:23.2.0] AndroidManifest.xml:36:25-66
135
136                <category android:name="android.intent.category.DEFAULT" />
136-->[com.google.firebase:firebase-auth:23.2.0] AndroidManifest.xml:38:17-76
136-->[com.google.firebase:firebase-auth:23.2.0] AndroidManifest.xml:38:27-73
137                <category android:name="android.intent.category.BROWSABLE" />
137-->[com.google.firebase:firebase-auth:23.2.0] AndroidManifest.xml:39:17-78
137-->[com.google.firebase:firebase-auth:23.2.0] AndroidManifest.xml:39:27-75
138
139                <data
139-->[com.google.firebase:firebase-auth:23.2.0] AndroidManifest.xml:41:17-44:51
140                    android:host="firebase.auth"
140-->[com.google.firebase:firebase-auth:23.2.0] AndroidManifest.xml:42:21-49
141                    android:path="/"
141-->[com.google.firebase:firebase-auth:23.2.0] AndroidManifest.xml:43:21-37
142                    android:scheme="recaptcha" />
142-->[com.google.firebase:firebase-auth:23.2.0] AndroidManifest.xml:44:21-48
143            </intent-filter>
144        </activity>
145
146        <service
146-->[androidx.credentials:credentials-play-services-auth:1.2.0-rc01] AndroidManifest.xml:24:9-32:19
147            android:name="androidx.credentials.playservices.CredentialProviderMetadataHolder"
147-->[androidx.credentials:credentials-play-services-auth:1.2.0-rc01] AndroidManifest.xml:25:13-94
148            android:enabled="true"
148-->[androidx.credentials:credentials-play-services-auth:1.2.0-rc01] AndroidManifest.xml:26:13-35
149            android:exported="false" >
149-->[androidx.credentials:credentials-play-services-auth:1.2.0-rc01] AndroidManifest.xml:27:13-37
150            <meta-data
150-->[androidx.credentials:credentials-play-services-auth:1.2.0-rc01] AndroidManifest.xml:29:13-31:104
151                android:name="androidx.credentials.CREDENTIAL_PROVIDER_KEY"
151-->[androidx.credentials:credentials-play-services-auth:1.2.0-rc01] AndroidManifest.xml:30:17-76
152                android:value="androidx.credentials.playservices.CredentialProviderPlayServicesImpl" />
152-->[androidx.credentials:credentials-play-services-auth:1.2.0-rc01] AndroidManifest.xml:31:17-101
153        </service>
154
155        <activity
155-->[androidx.credentials:credentials-play-services-auth:1.2.0-rc01] AndroidManifest.xml:34:9-41:20
156            android:name="androidx.credentials.playservices.HiddenActivity"
156-->[androidx.credentials:credentials-play-services-auth:1.2.0-rc01] AndroidManifest.xml:35:13-76
157            android:configChanges="orientation|screenSize|screenLayout|keyboardHidden"
157-->[androidx.credentials:credentials-play-services-auth:1.2.0-rc01] AndroidManifest.xml:36:13-87
158            android:enabled="true"
158-->[androidx.credentials:credentials-play-services-auth:1.2.0-rc01] AndroidManifest.xml:37:13-35
159            android:exported="false"
159-->[androidx.credentials:credentials-play-services-auth:1.2.0-rc01] AndroidManifest.xml:38:13-37
160            android:fitsSystemWindows="true"
160-->[androidx.credentials:credentials-play-services-auth:1.2.0-rc01] AndroidManifest.xml:39:13-45
161            android:theme="@style/Theme.Hidden" >
161-->[androidx.credentials:credentials-play-services-auth:1.2.0-rc01] AndroidManifest.xml:40:13-48
162        </activity>
163
164        <provider
164-->[com.google.firebase:firebase-common:21.0.0] AndroidManifest.xml:23:9-28:39
165            android:name="com.google.firebase.provider.FirebaseInitProvider"
165-->[com.google.firebase:firebase-common:21.0.0] AndroidManifest.xml:24:13-77
166            android:authorities="com.codeforany.healtho_gym.firebaseinitprovider"
166-->[com.google.firebase:firebase-common:21.0.0] AndroidManifest.xml:25:13-72
167            android:directBootAware="true"
167-->[com.google.firebase:firebase-common:21.0.0] AndroidManifest.xml:26:13-43
168            android:exported="false"
168-->[com.google.firebase:firebase-common:21.0.0] AndroidManifest.xml:27:13-37
169            android:initOrder="100" />
169-->[com.google.firebase:firebase-common:21.0.0] AndroidManifest.xml:28:13-36
170
171        <activity
171-->[com.google.android.gms:play-services-auth:21.0.0] AndroidManifest.xml:23:9-27:75
172            android:name="com.google.android.gms.auth.api.signin.internal.SignInHubActivity"
172-->[com.google.android.gms:play-services-auth:21.0.0] AndroidManifest.xml:24:13-93
173            android:excludeFromRecents="true"
173-->[com.google.android.gms:play-services-auth:21.0.0] AndroidManifest.xml:25:13-46
174            android:exported="false"
174-->[com.google.android.gms:play-services-auth:21.0.0] AndroidManifest.xml:26:13-37
175            android:theme="@android:style/Theme.Translucent.NoTitleBar" />
175-->[com.google.android.gms:play-services-auth:21.0.0] AndroidManifest.xml:27:13-72
176        <!--
177            Service handling Google Sign-In user revocation. For apps that do not integrate with
178            Google Sign-In, this service will never be started.
179        -->
180        <service
180-->[com.google.android.gms:play-services-auth:21.0.0] AndroidManifest.xml:33:9-37:51
181            android:name="com.google.android.gms.auth.api.signin.RevocationBoundService"
181-->[com.google.android.gms:play-services-auth:21.0.0] AndroidManifest.xml:34:13-89
182            android:exported="true"
182-->[com.google.android.gms:play-services-auth:21.0.0] AndroidManifest.xml:35:13-36
183            android:permission="com.google.android.gms.auth.api.signin.permission.REVOCATION_NOTIFICATION"
183-->[com.google.android.gms:play-services-auth:21.0.0] AndroidManifest.xml:36:13-107
184            android:visibleToInstantApps="true" />
184-->[com.google.android.gms:play-services-auth:21.0.0] AndroidManifest.xml:37:13-48
185
186        <receiver
186-->[com.google.android.gms:play-services-measurement:22.3.0] AndroidManifest.xml:29:9-33:20
187            android:name="com.google.android.gms.measurement.AppMeasurementReceiver"
187-->[com.google.android.gms:play-services-measurement:22.3.0] AndroidManifest.xml:30:13-85
188            android:enabled="true"
188-->[com.google.android.gms:play-services-measurement:22.3.0] AndroidManifest.xml:31:13-35
189            android:exported="false" >
189-->[com.google.android.gms:play-services-measurement:22.3.0] AndroidManifest.xml:32:13-37
190        </receiver>
191
192        <service
192-->[com.google.android.gms:play-services-measurement:22.3.0] AndroidManifest.xml:35:9-38:40
193            android:name="com.google.android.gms.measurement.AppMeasurementService"
193-->[com.google.android.gms:play-services-measurement:22.3.0] AndroidManifest.xml:36:13-84
194            android:enabled="true"
194-->[com.google.android.gms:play-services-measurement:22.3.0] AndroidManifest.xml:37:13-35
195            android:exported="false" />
195-->[com.google.android.gms:play-services-measurement:22.3.0] AndroidManifest.xml:38:13-37
196        <service
196-->[com.google.android.gms:play-services-measurement:22.3.0] AndroidManifest.xml:39:9-43:72
197            android:name="com.google.android.gms.measurement.AppMeasurementJobService"
197-->[com.google.android.gms:play-services-measurement:22.3.0] AndroidManifest.xml:40:13-87
198            android:enabled="true"
198-->[com.google.android.gms:play-services-measurement:22.3.0] AndroidManifest.xml:41:13-35
199            android:exported="false"
199-->[com.google.android.gms:play-services-measurement:22.3.0] AndroidManifest.xml:42:13-37
200            android:permission="android.permission.BIND_JOB_SERVICE" />
200-->[com.google.android.gms:play-services-measurement:22.3.0] AndroidManifest.xml:43:13-69
201
202        <uses-library
202-->[androidx.window:window:1.2.0] AndroidManifest.xml:23:9-25:40
203            android:name="androidx.window.extensions"
203-->[androidx.window:window:1.2.0] AndroidManifest.xml:24:13-54
204            android:required="false" />
204-->[androidx.window:window:1.2.0] AndroidManifest.xml:25:13-37
205        <uses-library
205-->[androidx.window:window:1.2.0] AndroidManifest.xml:26:9-28:40
206            android:name="androidx.window.sidecar"
206-->[androidx.window:window:1.2.0] AndroidManifest.xml:27:13-51
207            android:required="false" />
207-->[androidx.window:window:1.2.0] AndroidManifest.xml:28:13-37
208        <uses-library
208-->[androidx.privacysandbox.ads:ads-adservices:1.1.0-beta11] AndroidManifest.xml:23:9-25:40
209            android:name="android.ext.adservices"
209-->[androidx.privacysandbox.ads:ads-adservices:1.1.0-beta11] AndroidManifest.xml:24:13-50
210            android:required="false" />
210-->[androidx.privacysandbox.ads:ads-adservices:1.1.0-beta11] AndroidManifest.xml:25:13-37
211
212        <activity
212-->[com.google.android.gms:play-services-base:18.5.0] AndroidManifest.xml:5:9-173
213            android:name="com.google.android.gms.common.api.GoogleApiActivity"
213-->[com.google.android.gms:play-services-base:18.5.0] AndroidManifest.xml:5:19-85
214            android:exported="false"
214-->[com.google.android.gms:play-services-base:18.5.0] AndroidManifest.xml:5:146-170
215            android:theme="@android:style/Theme.Translucent.NoTitleBar" />
215-->[com.google.android.gms:play-services-base:18.5.0] AndroidManifest.xml:5:86-145
216
217        <provider
217-->[androidx.lifecycle:lifecycle-process:2.7.0] AndroidManifest.xml:24:9-32:20
218            android:name="androidx.startup.InitializationProvider"
218-->[androidx.lifecycle:lifecycle-process:2.7.0] AndroidManifest.xml:25:13-67
219            android:authorities="com.codeforany.healtho_gym.androidx-startup"
219-->[androidx.lifecycle:lifecycle-process:2.7.0] AndroidManifest.xml:26:13-68
220            android:exported="false" >
220-->[androidx.lifecycle:lifecycle-process:2.7.0] AndroidManifest.xml:27:13-37
221            <meta-data
221-->[androidx.lifecycle:lifecycle-process:2.7.0] AndroidManifest.xml:29:13-31:52
222                android:name="androidx.lifecycle.ProcessLifecycleInitializer"
222-->[androidx.lifecycle:lifecycle-process:2.7.0] AndroidManifest.xml:30:17-78
223                android:value="androidx.startup" />
223-->[androidx.lifecycle:lifecycle-process:2.7.0] AndroidManifest.xml:31:17-49
224            <meta-data
224-->[androidx.profileinstaller:profileinstaller:1.3.1] AndroidManifest.xml:29:13-31:52
225                android:name="androidx.profileinstaller.ProfileInstallerInitializer"
225-->[androidx.profileinstaller:profileinstaller:1.3.1] AndroidManifest.xml:30:17-85
226                android:value="androidx.startup" />
226-->[androidx.profileinstaller:profileinstaller:1.3.1] AndroidManifest.xml:31:17-49
227        </provider>
228
229        <meta-data
229-->[com.google.android.gms:play-services-basement:18.5.0] AndroidManifest.xml:21:9-23:69
230            android:name="com.google.android.gms.version"
230-->[com.google.android.gms:play-services-basement:18.5.0] AndroidManifest.xml:22:13-58
231            android:value="@integer/google_play_services_version" />
231-->[com.google.android.gms:play-services-basement:18.5.0] AndroidManifest.xml:23:13-66
232
233        <receiver
233-->[androidx.profileinstaller:profileinstaller:1.3.1] AndroidManifest.xml:34:9-52:20
234            android:name="androidx.profileinstaller.ProfileInstallReceiver"
234-->[androidx.profileinstaller:profileinstaller:1.3.1] AndroidManifest.xml:35:13-76
235            android:directBootAware="false"
235-->[androidx.profileinstaller:profileinstaller:1.3.1] AndroidManifest.xml:36:13-44
236            android:enabled="true"
236-->[androidx.profileinstaller:profileinstaller:1.3.1] AndroidManifest.xml:37:13-35
237            android:exported="true"
237-->[androidx.profileinstaller:profileinstaller:1.3.1] AndroidManifest.xml:38:13-36
238            android:permission="android.permission.DUMP" >
238-->[androidx.profileinstaller:profileinstaller:1.3.1] AndroidManifest.xml:39:13-57
239            <intent-filter>
239-->[androidx.profileinstaller:profileinstaller:1.3.1] AndroidManifest.xml:40:13-42:29
240                <action android:name="androidx.profileinstaller.action.INSTALL_PROFILE" />
240-->[androidx.profileinstaller:profileinstaller:1.3.1] AndroidManifest.xml:41:17-91
240-->[androidx.profileinstaller:profileinstaller:1.3.1] AndroidManifest.xml:41:25-88
241            </intent-filter>
242            <intent-filter>
242-->[androidx.profileinstaller:profileinstaller:1.3.1] AndroidManifest.xml:43:13-45:29
243                <action android:name="androidx.profileinstaller.action.SKIP_FILE" />
243-->[androidx.profileinstaller:profileinstaller:1.3.1] AndroidManifest.xml:44:17-85
243-->[androidx.profileinstaller:profileinstaller:1.3.1] AndroidManifest.xml:44:25-82
244            </intent-filter>
245            <intent-filter>
245-->[androidx.profileinstaller:profileinstaller:1.3.1] AndroidManifest.xml:46:13-48:29
246                <action android:name="androidx.profileinstaller.action.SAVE_PROFILE" />
246-->[androidx.profileinstaller:profileinstaller:1.3.1] AndroidManifest.xml:47:17-88
246-->[androidx.profileinstaller:profileinstaller:1.3.1] AndroidManifest.xml:47:25-85
247            </intent-filter>
248            <intent-filter>
248-->[androidx.profileinstaller:profileinstaller:1.3.1] AndroidManifest.xml:49:13-51:29
249                <action android:name="androidx.profileinstaller.action.BENCHMARK_OPERATION" />
249-->[androidx.profileinstaller:profileinstaller:1.3.1] AndroidManifest.xml:50:17-95
249-->[androidx.profileinstaller:profileinstaller:1.3.1] AndroidManifest.xml:50:25-92
250            </intent-filter>
251        </receiver> <!-- The activities will be merged into the manifest of the hosting app. -->
252        <activity
252-->[com.google.android.play:core-common:2.0.3] AndroidManifest.xml:14:9-18:65
253            android:name="com.google.android.play.core.common.PlayCoreDialogWrapperActivity"
253-->[com.google.android.play:core-common:2.0.3] AndroidManifest.xml:15:13-93
254            android:exported="false"
254-->[com.google.android.play:core-common:2.0.3] AndroidManifest.xml:16:13-37
255            android:stateNotNeeded="true"
255-->[com.google.android.play:core-common:2.0.3] AndroidManifest.xml:17:13-42
256            android:theme="@style/Theme.PlayCore.Transparent" />
256-->[com.google.android.play:core-common:2.0.3] AndroidManifest.xml:18:13-62
257    </application>
258
259</manifest>